<?xml version="1.0" encoding="UTF-8"?>
<!-- Generated by org.testng.reporters.JUnitReportReporter -->
<testsuite hostname="INL-DVDNLC2" name="com.cgi.flex.testCases.SmokeTestSuite" tests="1" failures="0" timestamp="4 Jul 2017 05:58:27 GMT" time="25.384" errors="0">
  <testcase name="createClaiminCCTest" time="25.384" classname="com.cgi.flex.testCases.SmokeTestSuite"/>
</testsuite> <!-- com.cgi.flex.testCases.SmokeTestSuite -->
