<?xml version="1.0" encoding="UTF-8"?>
<!-- Generated by org.testng.reporters.JUnitReportReporter -->
<testsuite hostname="SubbaReddy-PC" name="testng.annotations" tests="4" failures="0" timestamp="10 Jun 2019 04:46:00 GMT" time="0.026" errors="0">
  <testcase name="Placeorder" time="0.017" classname="testng.annotations"/>
  <testcase name="login" time="0.003" classname="testng.annotations"/>
  <testcase name="logout" time="0.003" classname="testng.annotations"/>
  <testcase name="Search" time="0.003" classname="testng.annotations"/>
</testsuite> <!-- testng.annotations -->
