<?xml version="1.0" encoding="UTF-8"?>
<!-- Generated by org.testng.reporters.JUnitReportReporter -->
<testsuite hostname="SubbaReddy-PC" name="testng.Groups" tests="5" failures="0" timestamp="10 Jun 2019 05:37:36 GMT" time="0.030" errors="0">
  <testcase name="logout" time="0.004" classname="testng.Groups"/>
  <testcase name="Placeorder" time="0.003" classname="testng.Groups"/>
  <testcase name="ConformPayment" time="0.017" classname="testng.Groups"/>
  <testcase name="Search" time="0.004" classname="testng.Groups"/>
  <testcase name="login" time="0.002" classname="testng.Groups"/>
</testsuite> <!-- testng.Groups -->
