<?xml version="1.0" encoding="UTF-8"?>
<!-- Generated by org.testng.reporters.JUnitReportReporter -->
<testsuite hostname="SubbaReddy-PC" name="com.flex.testCases.SampleTest" tests="1" failures="0" timestamp="2 Aug 2018 05:56:58 GMT" time="24.485" errors="0">
  <testcase name="VerifyFaceBookSignup" time="24.485" classname="com.flex.testCases.SampleTest"/>
</testsuite> <!-- com.flex.testCases.SampleTest -->
