<?xml version="1.0" encoding="UTF-8"?>
<!-- Generated by org.testng.reporters.JUnitReportReporter -->
<testsuite hostname="INL-DVDNLC2" name="com.cgi.flex.testCases.PolicyCenter" tests="5" failures="0" timestamp="5 Jul 2017 08:53:22 GMT" time="345.394" errors="0">
  <testcase name="cancelPolicyWithReasonNonPayment" time="70.078" classname="com.cgi.flex.testCases.PolicyCenter"/>
  <testcase name="cancelPolicyWithReasonLossHistory" time="68.691" classname="com.cgi.flex.testCases.PolicyCenter"/>
  <testcase name="cancelPolicyWithReasonMiscellaneous" time="74.285" classname="com.cgi.flex.testCases.PolicyCenter"/>
  <testcase name="cancelPolicyWithReasonNonDisclosure" time="57.795" classname="com.cgi.flex.testCases.PolicyCenter"/>
  <testcase name="cancelPolicyWithReasonFraud" time="74.545" classname="com.cgi.flex.testCases.PolicyCenter"/>
</testsuite> <!-- com.cgi.flex.testCases.PolicyCenter -->
