<?xml version="1.0" encoding="UTF-8"?>
<!-- Generated by org.testng.reporters.JUnitReportReporter -->
<testsuite hostname="SubbaReddy-PC" name="com.flex.testCases.SampleTest" tests="1" failures="0" timestamp="1 Apr 2019 05:34:18 GMT" time="49.138" errors="0">
  <testcase name="VerifyFaceBookSignup" time="49.138" classname="com.flex.testCases.SampleTest"/>
</testsuite> <!-- com.flex.testCases.SampleTest -->
