<?xml version="1.0" encoding="UTF-8"?>
<!-- Generated by org.testng.reporters.JUnitReportReporter -->
<testsuite hostname="SubbaReddy-PC" name="com.flex.testCases.Parameter1" tests="1" failures="0" timestamp="29 Jul 2018 09:31:35 GMT" time="0.015" errors="0">
  <testcase name="test123" time="0.015" classname="com.flex.testCases.Parameter1"/>
</testsuite> <!-- com.flex.testCases.Parameter1 -->
