<?xml version="1.0" encoding="UTF-8"?>
<!-- Generated by org.testng.reporters.JUnitReportReporter -->
<testsuite hostname="SubbaReddy-PC" name="testng.Ordering" tests="5" failures="0" timestamp="10 Jun 2019 04:46:00 GMT" time="0.014" errors="0">
  <testcase name="Placeorder" time="0.002" classname="testng.Ordering"/>
  <testcase name="ConformPayment" time="0.003" classname="testng.Ordering"/>
  <testcase name="login" time="0.004" classname="testng.Ordering"/>
  <testcase name="Search" time="0.003" classname="testng.Ordering"/>
  <testcase name="logout" time="0.002" classname="testng.Ordering"/>
</testsuite> <!-- testng.Ordering -->
