<?xml version="1.0" encoding="UTF-8"?>
<!-- Generated by org.testng.reporters.JUnitReportReporter -->
<testsuite hostname="INL-DVDNLC2" name="com.cgi.flex.testCases.ClaimCenter" tests="1" failures="0" timestamp="11 Jul 2017 09:01:33 GMT" time="54.914" errors="0">
  <testcase name="newClaimCreationTest" time="54.914" classname="com.cgi.flex.testCases.ClaimCenter"/>
</testsuite> <!-- com.cgi.flex.testCases.ClaimCenter -->
