<?xml version="1.0" encoding="UTF-8"?>
<!-- Generated by org.testng.reporters.JUnitReportReporter -->
<testsuite hostname="SubbaReddy-PC" name="com.flex.testCases.ClaimCenter" tests="1" failures="0" timestamp="31 Jul 2018 06:08:30 GMT" time="54.570" errors="0">
  <testcase name="VerifyFaceBookSignup" time="54.570" classname="com.flex.testCases.ClaimCenter"/>
</testsuite> <!-- com.flex.testCases.ClaimCenter -->
