<?xml version="1.0" encoding="UTF-8"?>
<!-- Generated by org.testng.reporters.JUnitReportReporter -->
<testsuite hostname="INL-DVDNLC2" name="com.cgi.flex.testCases.SeleniumTraining" tests="1" failures="0" timestamp="15 Sep 2017 07:00:09 GMT" time="79.445" errors="0">
  <testcase name="cancelPolicyWithReasonFraud" time="79.445" classname="com.cgi.flex.testCases.SeleniumTraining"/>
</testsuite> <!-- com.cgi.flex.testCases.SeleniumTraining -->
